[23:36:39] [Server thread/INFO]: Starting minecraft server version 1.10
[23:36:39] [Server thread/WARN]: To start the server with more ram, launch it as "java -Xmx1024M -Xms1024M -jar minecraft_server.jar"
[23:36:39] [Server thread/INFO]: Loading properties
[23:36:39] [Server thread/INFO]: Default game type: SURVIVAL
[23:36:39] [Server thread/INFO]: Generating keypair
[23:36:39] [Server thread/INFO]: Starting Minecraft server on *:25565
[23:36:39] [Server thread/INFO]: Using epoll channel type
[23:36:39] [Server thread/WARN]: **** SERVER IS RUNNING IN OFFLINE/INSECURE MODE!
[23:36:39] [Server thread/WARN]: The server will make no attempt to authenticate usernames. Beware.
[23:36:39] [Server thread/WARN]: While this makes the game possible to play without internet access, it also opens up the ability for hackers to connect with any username they choose.
[23:36:39] [Server thread/WARN]: To change this, set "online-mode" to "true" in the server.properties file.
[23:36:39] [Server thread/INFO]: Preparing level "world"
[23:36:40] [Server thread/WARN]: Unable to find spawn biome
[23:36:40] [Server thread/INFO]: Preparing start region for level 0
[23:36:41] [Server thread/INFO]: Preparing spawn area: 7%
[23:36:42] [Server thread/INFO]: Preparing spawn area: 15%
[23:36:43] [Server thread/INFO]: Preparing spawn area: 28%
[23:36:44] [Server thread/INFO]: Preparing spawn area: 42%
[23:36:45] [Server thread/INFO]: Preparing spawn area: 55%
[23:36:46] [Server thread/INFO]: Preparing spawn area: 70%
[23:36:47] [Server thread/INFO]: Preparing spawn area: 84%
[23:36:48] [Server thread/INFO]: Done (8.586s)! For help, type "help" or "?"
[23:37:20] [Server Shutdown Thread/INFO]: Stopping server
